<?xml version="1.0" encoding="UTF-8"?>
<testsuite name="edu.drexel.se320.PropertyTests" tests="12" skipped="0" failures="0" errors="0" timestamp="2025-11-01T06:29:09.116Z" hostname="SAMIIWORKAHOLIC" time="0.527">
  <properties/>
  <testcase name="Search success does not modify array" classname="edu.drexel.se320.PropertyTests" time="0.313"/>
  <testcase name="Above maximum: NoSuchElementException" classname="edu.drexel.se320.PropertyTests" time="0.03"/>
  <testcase name="Search failure does not modify array" classname="edu.drexel.se320.PropertyTests" time="0.027"/>
  <testcase name="Singleton array: found at index 0" classname="edu.drexel.se320.PropertyTests" time="0.015"/>
  <testcase name="Found element: index in-bounds &amp; value matches" classname="edu.drexel.se320.PropertyTests" time="0.042"/>
  <testcase name="Duplicates still return a matching index" classname="edu.drexel.se320.PropertyTests" time="0.014"/>
  <testcase name="Null array: IllegalArgumentException" classname="edu.drexel.se320.PropertyTests" time="0.002"/>
  <testcase name="Null element: IllegalArgumentException" classname="edu.drexel.se320.PropertyTests" time="0.001"/>
  <testcase name="Singleton array: not-found throws" classname="edu.drexel.se320.PropertyTests" time="0.004"/>
  <testcase name="Unsorted arrays: either throws or returns matching index (underspecified)" classname="edu.drexel.se320.PropertyTests" time="0.046"/>
  <testcase name="Empty array: IllegalArgumentException" classname="edu.drexel.se320.PropertyTests" time="0.008"/>
  <testcase name="Below minimum: NoSuchElementException" classname="edu.drexel.se320.PropertyTests" time="0.019"/>
  <system-out><![CDATA[timestamp = 2025-11-01T02:29:09.411849700, PropertyTests:Search success does not modify array = 
                              |-----------------------jqwik-----------------------
tries = 1000                  | # of calls to property
checks = 1000                 | # of not rejected calls
generation = RANDOMIZED       | parameters are randomly generated
after-failure = SAMPLE_FIRST  | try previously failed sample, then previous seed
when-fixed-seed = ALLOW       | fixing the random seed is allowed
edge-cases#mode = MIXIN       | edge cases are mixed in
edge-cases#total = 5          | # of all combined edge cases
edge-cases#tried = 5          | # of edge cases tried in current run
seed = -6208320252456586676   | random seed to reproduce generated values


timestamp = 2025-11-01T02:29:09.461904400, PropertyTests:Above maximum: NoSuchElementException = 
                              |-----------------------jqwik-----------------------
tries = 1000                  | # of calls to property
checks = 1000                 | # of not rejected calls
generation = RANDOMIZED       | parameters are randomly generated
after-failure = SAMPLE_FIRST  | try previously failed sample, then previous seed
when-fixed-seed = ALLOW       | fixing the random seed is allowed
edge-cases#mode = MIXIN       | edge cases are mixed in
edge-cases#total = 5          | # of all combined edge cases
edge-cases#tried = 5          | # of edge cases tried in current run
seed = 6036899182138748911    | random seed to reproduce generated values


timestamp = 2025-11-01T02:29:09.488904400, PropertyTests:Search failure does not modify array = 
                              |-----------------------jqwik-----------------------
tries = 1000                  | # of calls to property
checks = 1000                 | # of not rejected calls
generation = RANDOMIZED       | parameters are randomly generated
after-failure = SAMPLE_FIRST  | try previously failed sample, then previous seed
when-fixed-seed = ALLOW       | fixing the random seed is allowed
edge-cases#mode = MIXIN       | edge cases are mixed in
edge-cases#total = 5          | # of all combined edge cases
edge-cases#tried = 5          | # of edge cases tried in current run
seed = 1814531093958383063    | random seed to reproduce generated values


timestamp = 2025-11-01T02:29:09.504903900, PropertyTests:Singleton array: found at index 0 = 
                              |-----------------------jqwik-----------------------
tries = 101                   | # of calls to property
checks = 101                  | # of not rejected calls
generation = EXHAUSTIVE       | parameters are exhaustively generated
after-failure = SAMPLE_FIRST  | try previously failed sample, then previous seed
when-fixed-seed = ALLOW       | fixing the random seed is allowed
edge-cases#mode = MIXIN       | edge cases are mixed in
edge-cases#total = 0          | # of all combined edge cases
edge-cases#tried = 0          | # of edge cases tried in current run
seed = -7382644519502420659   | random seed to reproduce generated values


timestamp = 2025-11-01T02:29:09.546951800, PropertyTests:Found element: index in-bounds & value matches = 
                              |-----------------------jqwik-----------------------
tries = 1000                  | # of calls to property
checks = 1000                 | # of not rejected calls
generation = RANDOMIZED       | parameters are randomly generated
after-failure = SAMPLE_FIRST  | try previously failed sample, then previous seed
when-fixed-seed = ALLOW       | fixing the random seed is allowed
edge-cases#mode = MIXIN       | edge cases are mixed in
edge-cases#total = 5          | # of all combined edge cases
edge-cases#tried = 5          | # of edge cases tried in current run
seed = 9101425945361996751    | random seed to reproduce generated values


timestamp = 2025-11-01T02:29:09.561956100, PropertyTests:Duplicates still return a matching index = 
                              |-----------------------jqwik-----------------------
tries = 1000                  | # of calls to property
checks = 1000                 | # of not rejected calls
generation = RANDOMIZED       | parameters are randomly generated
after-failure = SAMPLE_FIRST  | try previously failed sample, then previous seed
when-fixed-seed = ALLOW       | fixing the random seed is allowed
edge-cases#mode = MIXIN       | edge cases are mixed in
edge-cases#total = 5          | # of all combined edge cases
edge-cases#tried = 5          | # of edge cases tried in current run
seed = -3621776704200193644   | random seed to reproduce generated values


timestamp = 2025-11-01T02:29:09.570055600, PropertyTests:Singleton array: not-found throws = 
                              |-----------------------jqwik-----------------------
tries = 101                   | # of calls to property
checks = 101                  | # of not rejected calls
generation = EXHAUSTIVE       | parameters are exhaustively generated
after-failure = SAMPLE_FIRST  | try previously failed sample, then previous seed
when-fixed-seed = ALLOW       | fixing the random seed is allowed
edge-cases#mode = MIXIN       | edge cases are mixed in
edge-cases#total = 0          | # of all combined edge cases
edge-cases#tried = 0          | # of edge cases tried in current run
seed = -8166859853596253427   | random seed to reproduce generated values


timestamp = 2025-11-01T02:29:09.616324700, PropertyTests:Unsorted arrays: either throws or returns matching index (underspecified) = 
                              |-----------------------jqwik-----------------------
tries = 1000                  | # of calls to property
checks = 1000                 | # of not rejected calls
generation = RANDOMIZED       | parameters are randomly generated
after-failure = SAMPLE_FIRST  | try previously failed sample, then previous seed
when-fixed-seed = ALLOW       | fixing the random seed is allowed
edge-cases#mode = MIXIN       | edge cases are mixed in
edge-cases#total = 0          | # of all combined edge cases
edge-cases#tried = 0          | # of edge cases tried in current run
seed = 1798015421782819148    | random seed to reproduce generated values


timestamp = 2025-11-01T02:29:09.623978300, PropertyTests:Empty array: IllegalArgumentException = 
                              |-----------------------jqwik-----------------------
tries = 101                   | # of calls to property
checks = 101                  | # of not rejected calls
generation = EXHAUSTIVE       | parameters are exhaustively generated
after-failure = SAMPLE_FIRST  | try previously failed sample, then previous seed
when-fixed-seed = ALLOW       | fixing the random seed is allowed
edge-cases#mode = MIXIN       | edge cases are mixed in
edge-cases#total = 0          | # of all combined edge cases
edge-cases#tried = 0          | # of edge cases tried in current run
seed = -1682319054220084361   | random seed to reproduce generated values


timestamp = 2025-11-01T02:29:09.642976700, PropertyTests:Below minimum: NoSuchElementException = 
                              |-----------------------jqwik-----------------------
tries = 1000                  | # of calls to property
checks = 1000                 | # of not rejected calls
generation = RANDOMIZED       | parameters are randomly generated
after-failure = SAMPLE_FIRST  | try previously failed sample, then previous seed
when-fixed-seed = ALLOW       | fixing the random seed is allowed
edge-cases#mode = MIXIN       | edge cases are mixed in
edge-cases#total = 5          | # of all combined edge cases
edge-cases#tried = 5          | # of edge cases tried in current run
seed = 4500490295150565736    | random seed to reproduce generated values


]]></system-out>
  <system-err><![CDATA[]]></system-err>
</testsuite>
